<!DOCTYPE html>
<html>
<head>
<meta http-equiv="Content-Type" content="text/html; charset=utf-8"/>
<meta http-equiv="x-ua-compatible" content="IE=edge"/>
<title>Test results - Class com.liferay.game.functional.test.CharacterSlayFeatureTest</title>
<link href="../css/base-style.css" rel="stylesheet" type="text/css"/>
<link href="../css/style.css" rel="stylesheet" type="text/css"/>
<script src="../js/report.js" type="text/javascript"></script>
</head>
<body>
<div id="content">
<h1>Class com.liferay.game.functional.test.CharacterSlayFeatureTest</h1>
<div class="breadcrumbs">
<a href="../index.html">all</a> &gt; 
<a href="../packages/com.liferay.game.functional.test.html">com.liferay.game.functional.test</a> &gt; CharacterSlayFeatureTest</div>
<div id="summary">
<table>
<tr>
<td>
<div class="summaryGroup">
<table>
<tr>
<td>
<div class="infoBox" id="tests">
<div class="counter">1</div>
<p>tests</p>
</div>
</td>
<td>
<div class="infoBox" id="failures">
<div class="counter">1</div>
<p>failures</p>
</div>
</td>
<td>
<div class="infoBox" id="ignored">
<div class="counter">0</div>
<p>ignored</p>
</div>
</td>
<td>
<div class="infoBox" id="duration">
<div class="counter">19.267s</div>
<p>duration</p>
</div>
</td>
</tr>
</table>
</div>
</td>
<td>
<div class="infoBox failures" id="successRate">
<div class="percent">0%</div>
<p>successful</p>
</div>
</td>
</tr>
</table>
</div>
<div id="tabs">
<ul class="tabLinks">
<li>
<a href="#tab0">Failed tests</a>
</li>
<li>
<a href="#tab1">Tests</a>
</li>
<li>
<a href="#tab2">Standard output</a>
</li>
<li>
<a href="#tab3">Standard error</a>
</li>
</ul>
<div id="tab0" class="tab">
<h2>Failed tests</h2>
<div class="test">
<a name="performInternalCucumberOperations"></a>
<h3 class="failures">performInternalCucumberOperations</h3>
<span class="code">
<pre>org.openqa.selenium.NoSuchElementException: no such element: Unable to locate element: {&quot;method&quot;:&quot;xpath&quot;,&quot;selector&quot;:&quot;//a[contains(.,'Kill')]&quot;}
  (Session info: headless chrome=61.0.3163.100)
  (Driver info: chromedriver=2.32.498513 (2c63aa53b2c658de596ed550eb5267ec5967b351),platform=Linux 4.4.0-93-generic x86_64) (WARNING: The server did not provide any stacktrace information)
Command duration or timeout: 0 milliseconds
For documentation on this error, please visit: http://seleniumhq.org/exceptions/no_such_element.html
Build info: version: '3.6.0', revision: '6fbf3ec767', time: '2017-09-27T15:28:36.4Z'
System info: host: 'testing-gce-5a7a212f-7cc9-4ebf-b9ce-ac9f8edff0f2', ip: '127.0.1.1', os.name: 'Linux', os.arch: 'amd64', os.version: '4.4.0-93-generic', java.version: '1.8.0_144'
Driver info: org.openqa.selenium.chrome.ChromeDriver
Capabilities [{mobileEmulationEnabled=false, hasTouchScreen=false, platform=LINUX, acceptSslCerts=true, webStorageEnabled=true, browserName=chrome, takesScreenshot=true, javascriptEnabled=true, platformName=LINUX, setWindowRect=true, unexpectedAlertBehaviour=, applicationCacheEnabled=false, rotatable=false, networkConnectionEnabled=false, chrome={chromedriverVersion=2.32.498513 (2c63aa53b2c658de596ed550eb5267ec5967b351), userDataDir=/tmp/.org.chromium.Chromium.ARNomu}, takesHeapSnapshot=true, pageLoadStrategy=normal, unhandledPromptBehavior=, databaseEnabled=false, handlesAlerts=true, version=61.0.3163.100, browserConnectionEnabled=false, nativeEvents=true, locationContextEnabled=true, cssSelectorsEnabled=true}]
Session ID: aa42d2e559cfba4aa4d8054ad1e61573
*** Element info: {Using=xpath, value=//a[contains(.,'Kill')]}
	at sun.reflect.NativeConstructorAccessorImpl.newInstance0(Native Method)
	at sun.reflect.NativeConstructorAccessorImpl.newInstance(NativeConstructorAccessorImpl.java:62)
	at sun.reflect.DelegatingConstructorAccessorImpl.newInstance(DelegatingConstructorAccessorImpl.java:45)
	at java.lang.reflect.Constructor.newInstance(Constructor.java:423)
	at org.openqa.selenium.remote.ErrorHandler.createThrowable(ErrorHandler.java:214)
	at org.openqa.selenium.remote.ErrorHandler.throwIfResponseFailed(ErrorHandler.java:166)
	at org.openqa.selenium.remote.http.JsonHttpResponseCodec.reconstructValue(JsonHttpResponseCodec.java:40)
	at org.openqa.selenium.remote.http.AbstractHttpResponseCodec.decode(AbstractHttpResponseCodec.java:82)
	at org.openqa.selenium.remote.http.AbstractHttpResponseCodec.decode(AbstractHttpResponseCodec.java:45)
	at org.openqa.selenium.remote.HttpCommandExecutor.execute(HttpCommandExecutor.java:164)
	at org.openqa.selenium.remote.service.DriverCommandExecutor.execute(DriverCommandExecutor.java:83)
	at org.openqa.selenium.remote.RemoteWebDriver.execute(RemoteWebDriver.java:586)
	at org.openqa.selenium.remote.RemoteWebElement.execute(RemoteWebElement.java:279)
	at org.openqa.selenium.remote.RemoteWebElement.findElement(RemoteWebElement.java:179)
	at org.openqa.selenium.remote.RemoteWebElement.findElementByXPath(RemoteWebElement.java:255)
	at org.openqa.selenium.By$ByXPath.findElement(By.java:361)
	at org.openqa.selenium.remote.RemoteWebElement.findElement(RemoteWebElement.java:175)
	at org.jboss.arquillian.graphene.GrapheneElementImpl.findElement(GrapheneElementImpl.java:194)
	at org.jboss.arquillian.graphene.GrapheneElementImpl.findElement(GrapheneElementImpl.java:60)
	at org.jboss.arquillian.graphene.enricher.WebElementUtils.dropProxyAndFindElement(WebElementUtils.java:158)
	at org.jboss.arquillian.graphene.enricher.WebElementUtils.findElement(WebElementUtils.java:71)
	at org.jboss.arquillian.graphene.enricher.SearchContextInterceptor.intercept(SearchContextInterceptor.java:46)
	at org.jboss.arquillian.graphene.proxy.InvocationContextImpl.invoke(InvocationContextImpl.java:87)
	at org.jboss.arquillian.graphene.enricher.StaleElementInterceptor$1.apply(StaleElementInterceptor.java:47)
	at org.jboss.arquillian.graphene.enricher.StaleElementInterceptor$1.apply(StaleElementInterceptor.java:43)
	at org.openqa.selenium.support.ui.FluentWait.until(FluentWait.java:208)
	at org.jboss.arquillian.graphene.wait.WebDriverWaitImpl.until(WebDriverWaitImpl.java:96)
	at org.jboss.arquillian.graphene.enricher.StaleElementInterceptor.intercept(StaleElementInterceptor.java:43)
	at org.jboss.arquillian.graphene.proxy.InvocationContextImpl.invoke(InvocationContextImpl.java:87)
	at org.jboss.arquillian.graphene.intercept.InterceptorBuilder$2.intercept(InterceptorBuilder.java:139)
	at org.jboss.arquillian.graphene.proxy.InvocationContextImpl.invoke(InvocationContextImpl.java:87)
	at org.jboss.arquillian.graphene.proxy.GrapheneContextualHandler$2.call(GrapheneContextualHandler.java:241)
	at org.jboss.arquillian.graphene.context.BrowserActions.performAction(BrowserActions.java:62)
	at org.jboss.arquillian.graphene.proxy.GrapheneContextualHandler.invoke(GrapheneContextualHandler.java:237)
	at com.sun.proxy.$Proxy34.findElement(Unknown Source)
	at com.liferay.game.functional.test.util.CommonSteps.clickOnCharacterAction(CommonSteps.java:182)
	at com.liferay.game.functional.test.util.CommonSteps.slayCharacter(CommonSteps.java:158)
	at com.liferay.game.functional.test.CharacterSlayFeatureTest.slayCharacter(CharacterSlayFeatureTest.java:70)
	at ✽.When I slay Jon Snow(features/character_slay.feature:10)
</pre>
</span>
<span class="code">
<pre>org.openqa.selenium.NoSuchElementException: no such element: Unable to locate element: {&quot;method&quot;:&quot;xpath&quot;,&quot;selector&quot;:&quot;//*[contains(@class,'sticker')][contains(.,'DEAD')]&quot;}
  (Session info: headless chrome=61.0.3163.100)
  (Driver info: chromedriver=2.32.498513 (2c63aa53b2c658de596ed550eb5267ec5967b351),platform=Linux 4.4.0-93-generic x86_64) (WARNING: The server did not provide any stacktrace information)
Command duration or timeout: 0 milliseconds
For documentation on this error, please visit: http://seleniumhq.org/exceptions/no_such_element.html
Build info: version: '3.6.0', revision: '6fbf3ec767', time: '2017-09-27T15:28:36.4Z'
System info: host: 'testing-gce-5a7a212f-7cc9-4ebf-b9ce-ac9f8edff0f2', ip: '127.0.1.1', os.name: 'Linux', os.arch: 'amd64', os.version: '4.4.0-93-generic', java.version: '1.8.0_144'
Driver info: org.openqa.selenium.chrome.ChromeDriver
Capabilities [{mobileEmulationEnabled=false, hasTouchScreen=false, platform=LINUX, acceptSslCerts=true, webStorageEnabled=true, browserName=chrome, takesScreenshot=true, javascriptEnabled=true, platformName=LINUX, setWindowRect=true, unexpectedAlertBehaviour=, applicationCacheEnabled=false, rotatable=false, networkConnectionEnabled=false, chrome={chromedriverVersion=2.32.498513 (2c63aa53b2c658de596ed550eb5267ec5967b351), userDataDir=/tmp/.org.chromium.Chromium.ARNomu}, takesHeapSnapshot=true, pageLoadStrategy=normal, unhandledPromptBehavior=, databaseEnabled=false, handlesAlerts=true, version=61.0.3163.100, browserConnectionEnabled=false, nativeEvents=true, locationContextEnabled=true, cssSelectorsEnabled=true}]
Session ID: aa42d2e559cfba4aa4d8054ad1e61573
*** Element info: {Using=xpath, value=//*[contains(@class,'sticker')][contains(.,'DEAD')]}
	at sun.reflect.NativeConstructorAccessorImpl.newInstance0(Native Method)
	at sun.reflect.NativeConstructorAccessorImpl.newInstance(NativeConstructorAccessorImpl.java:62)
	at sun.reflect.DelegatingConstructorAccessorImpl.newInstance(DelegatingConstructorAccessorImpl.java:45)
	at java.lang.reflect.Constructor.newInstance(Constructor.java:423)
	at org.openqa.selenium.remote.ErrorHandler.createThrowable(ErrorHandler.java:214)
	at org.openqa.selenium.remote.ErrorHandler.throwIfResponseFailed(ErrorHandler.java:166)
	at org.openqa.selenium.remote.http.JsonHttpResponseCodec.reconstructValue(JsonHttpResponseCodec.java:40)
	at org.openqa.selenium.remote.http.AbstractHttpResponseCodec.decode(AbstractHttpResponseCodec.java:82)
	at org.openqa.selenium.remote.http.AbstractHttpResponseCodec.decode(AbstractHttpResponseCodec.java:45)
	at org.openqa.selenium.remote.HttpCommandExecutor.execute(HttpCommandExecutor.java:164)
	at org.openqa.selenium.remote.service.DriverCommandExecutor.execute(DriverCommandExecutor.java:83)
	at org.openqa.selenium.remote.RemoteWebDriver.execute(RemoteWebDriver.java:586)
	at org.openqa.selenium.remote.RemoteWebElement.execute(RemoteWebElement.java:279)
	at org.openqa.selenium.remote.RemoteWebElement.findElement(RemoteWebElement.java:179)
	at org.openqa.selenium.remote.RemoteWebElement.findElementByXPath(RemoteWebElement.java:255)
	at org.openqa.selenium.By$ByXPath.findElement(By.java:361)
	at org.openqa.selenium.remote.RemoteWebElement.findElement(RemoteWebElement.java:175)
	at org.jboss.arquillian.graphene.GrapheneElementImpl.findElement(GrapheneElementImpl.java:194)
	at org.jboss.arquillian.graphene.GrapheneElementImpl.findElement(GrapheneElementImpl.java:60)
	at org.jboss.arquillian.graphene.enricher.WebElementUtils.dropProxyAndFindElement(WebElementUtils.java:158)
	at org.jboss.arquillian.graphene.enricher.WebElementUtils.findElement(WebElementUtils.java:71)
	at org.jboss.arquillian.graphene.enricher.SearchContextInterceptor.intercept(SearchContextInterceptor.java:46)
	at org.jboss.arquillian.graphene.proxy.InvocationContextImpl.invoke(InvocationContextImpl.java:87)
	at org.jboss.arquillian.graphene.enricher.StaleElementInterceptor$1.apply(StaleElementInterceptor.java:47)
	at org.jboss.arquillian.graphene.enricher.StaleElementInterceptor$1.apply(StaleElementInterceptor.java:43)
	at org.openqa.selenium.support.ui.FluentWait.until(FluentWait.java:208)
	at org.jboss.arquillian.graphene.wait.WebDriverWaitImpl.until(WebDriverWaitImpl.java:96)
	at org.jboss.arquillian.graphene.enricher.StaleElementInterceptor.intercept(StaleElementInterceptor.java:43)
	at org.jboss.arquillian.graphene.proxy.InvocationContextImpl.invoke(InvocationContextImpl.java:87)
	at org.jboss.arquillian.graphene.intercept.InterceptorBuilder$2.intercept(InterceptorBuilder.java:139)
	at org.jboss.arquillian.graphene.proxy.InvocationContextImpl.invoke(InvocationContextImpl.java:87)
	at org.jboss.arquillian.graphene.proxy.GrapheneContextualHandler$2.call(GrapheneContextualHandler.java:241)
	at org.jboss.arquillian.graphene.context.BrowserActions.performAction(BrowserActions.java:62)
	at org.jboss.arquillian.graphene.proxy.GrapheneContextualHandler.invoke(GrapheneContextualHandler.java:237)
	at com.sun.proxy.$Proxy34.findElement(Unknown Source)
	at com.liferay.game.functional.test.CharacterSlayFeatureTest.verifyDeadCharacter(CharacterSlayFeatureTest.java:111)
	at ✽.Given Jon Snow is DEAD(features/character_slay.feature:15)
</pre>
</span>
</div>
</div>
<div id="tab1" class="tab">
<h2>Tests</h2>
<table>
<thead>
<tr>
<th>Test</th>
<th>Duration</th>
<th>Result</th>
</tr>
</thead>
<tr>
<td class="failures">performInternalCucumberOperations</td>
<td>19.267s</td>
<td class="failures">failed</td>
</tr>
</table>
</div>
<div id="tab2" class="tab">
<h2>Standard output</h2>
<span class="code">
<pre>
?[31mFailed scenarios:?[0m
?[31mfeatures/character_slay.feature:6 ?[0m# Scenario: Slaying a Character (Jon)
?[31mfeatures/character_slay.feature:13 ?[0m# Scenario: Slaying a dead character

2 Scenarios (?[31m2 failed?[0m)
7 Steps (?[31m2 failed?[0m, ?[36m3 skipped?[0m, ?[32m2 passed?[0m)
0m18.708s

org.openqa.selenium.NoSuchElementException: no such element: Unable to locate element: {&quot;method&quot;:&quot;xpath&quot;,&quot;selector&quot;:&quot;//a[contains(.,'Kill')]&quot;}
  (Session info: headless chrome=61.0.3163.100)
  (Driver info: chromedriver=2.32.498513 (2c63aa53b2c658de596ed550eb5267ec5967b351),platform=Linux 4.4.0-93-generic x86_64) (WARNING: The server did not provide any stacktrace information)
Command duration or timeout: 0 milliseconds
For documentation on this error, please visit: http://seleniumhq.org/exceptions/no_such_element.html
Build info: version: '3.6.0', revision: '6fbf3ec767', time: '2017-09-27T15:28:36.4Z'
System info: host: 'testing-gce-5a7a212f-7cc9-4ebf-b9ce-ac9f8edff0f2', ip: '127.0.1.1', os.name: 'Linux', os.arch: 'amd64', os.version: '4.4.0-93-generic', java.version: '1.8.0_144'
Driver info: org.openqa.selenium.chrome.ChromeDriver
Capabilities [{mobileEmulationEnabled=false, hasTouchScreen=false, platform=LINUX, acceptSslCerts=true, webStorageEnabled=true, browserName=chrome, takesScreenshot=true, javascriptEnabled=true, platformName=LINUX, setWindowRect=true, unexpectedAlertBehaviour=, applicationCacheEnabled=false, rotatable=false, networkConnectionEnabled=false, chrome={chromedriverVersion=2.32.498513 (2c63aa53b2c658de596ed550eb5267ec5967b351), userDataDir=/tmp/.org.chromium.Chromium.ARNomu}, takesHeapSnapshot=true, pageLoadStrategy=normal, unhandledPromptBehavior=, databaseEnabled=false, handlesAlerts=true, version=61.0.3163.100, browserConnectionEnabled=false, nativeEvents=true, locationContextEnabled=true, cssSelectorsEnabled=true}]
Session ID: aa42d2e559cfba4aa4d8054ad1e61573
*** Element info: {Using=xpath, value=//a[contains(.,'Kill')]}
	at sun.reflect.NativeConstructorAccessorImpl.newInstance0(Native Method)
	at sun.reflect.NativeConstructorAccessorImpl.newInstance(NativeConstructorAccessorImpl.java:62)
	at sun.reflect.DelegatingConstructorAccessorImpl.newInstance(DelegatingConstructorAccessorImpl.java:45)
	at java.lang.reflect.Constructor.newInstance(Constructor.java:423)
	at org.openqa.selenium.remote.ErrorHandler.createThrowable(ErrorHandler.java:214)
	at org.openqa.selenium.remote.ErrorHandler.throwIfResponseFailed(ErrorHandler.java:166)
	at org.openqa.selenium.remote.http.JsonHttpResponseCodec.reconstructValue(JsonHttpResponseCodec.java:40)
	at org.openqa.selenium.remote.http.AbstractHttpResponseCodec.decode(AbstractHttpResponseCodec.java:82)
	at org.openqa.selenium.remote.http.AbstractHttpResponseCodec.decode(AbstractHttpResponseCodec.java:45)
	at org.openqa.selenium.remote.HttpCommandExecutor.execute(HttpCommandExecutor.java:164)
	at org.openqa.selenium.remote.service.DriverCommandExecutor.execute(DriverCommandExecutor.java:83)
	at org.openqa.selenium.remote.RemoteWebDriver.execute(RemoteWebDriver.java:586)
	at org.openqa.selenium.remote.RemoteWebElement.execute(RemoteWebElement.java:279)
	at org.openqa.selenium.remote.RemoteWebElement.findElement(RemoteWebElement.java:179)
	at org.openqa.selenium.remote.RemoteWebElement.findElementByXPath(RemoteWebElement.java:255)
	at org.openqa.selenium.By$ByXPath.findElement(By.java:361)
	at org.openqa.selenium.remote.RemoteWebElement.findElement(RemoteWebElement.java:175)
	at org.jboss.arquillian.graphene.GrapheneElementImpl.findElement(GrapheneElementImpl.java:194)
	at org.jboss.arquillian.graphene.GrapheneElementImpl.findElement(GrapheneElementImpl.java:60)
	at org.jboss.arquillian.graphene.enricher.WebElementUtils.dropProxyAndFindElement(WebElementUtils.java:158)
	at org.jboss.arquillian.graphene.enricher.WebElementUtils.findElement(WebElementUtils.java:71)
	at org.jboss.arquillian.graphene.enricher.SearchContextInterceptor.intercept(SearchContextInterceptor.java:46)
	at org.jboss.arquillian.graphene.proxy.InvocationContextImpl.invoke(InvocationContextImpl.java:87)
	at org.jboss.arquillian.graphene.enricher.StaleElementInterceptor$1.apply(StaleElementInterceptor.java:47)
	at org.jboss.arquillian.graphene.enricher.StaleElementInterceptor$1.apply(StaleElementInterceptor.java:43)
	at org.openqa.selenium.support.ui.FluentWait.until(FluentWait.java:208)
	at org.jboss.arquillian.graphene.wait.WebDriverWaitImpl.until(WebDriverWaitImpl.java:96)
	at org.jboss.arquillian.graphene.enricher.StaleElementInterceptor.intercept(StaleElementInterceptor.java:43)
	at org.jboss.arquillian.graphene.proxy.InvocationContextImpl.invoke(InvocationContextImpl.java:87)
	at org.jboss.arquillian.graphene.intercept.InterceptorBuilder$2.intercept(InterceptorBuilder.java:139)
	at org.jboss.arquillian.graphene.proxy.InvocationContextImpl.invoke(InvocationContextImpl.java:87)
	at org.jboss.arquillian.graphene.proxy.GrapheneContextualHandler$2.call(GrapheneContextualHandler.java:241)
	at org.jboss.arquillian.graphene.context.BrowserActions.performAction(BrowserActions.java:62)
	at org.jboss.arquillian.graphene.proxy.GrapheneContextualHandler.invoke(GrapheneContextualHandler.java:237)
	at com.sun.proxy.$Proxy34.findElement(Unknown Source)
	at com.liferay.game.functional.test.util.CommonSteps.clickOnCharacterAction(CommonSteps.java:182)
	at com.liferay.game.functional.test.util.CommonSteps.slayCharacter(CommonSteps.java:158)
	at com.liferay.game.functional.test.CharacterSlayFeatureTest.slayCharacter(CharacterSlayFeatureTest.java:70)
	at ✽.When I slay Jon Snow(features/character_slay.feature:10)

org.openqa.selenium.NoSuchElementException: no such element: Unable to locate element: {&quot;method&quot;:&quot;xpath&quot;,&quot;selector&quot;:&quot;//*[contains(@class,'sticker')][contains(.,'DEAD')]&quot;}
  (Session info: headless chrome=61.0.3163.100)
  (Driver info: chromedriver=2.32.498513 (2c63aa53b2c658de596ed550eb5267ec5967b351),platform=Linux 4.4.0-93-generic x86_64) (WARNING: The server did not provide any stacktrace information)
Command duration or timeout: 0 milliseconds
For documentation on this error, please visit: http://seleniumhq.org/exceptions/no_such_element.html
Build info: version: '3.6.0', revision: '6fbf3ec767', time: '2017-09-27T15:28:36.4Z'
System info: host: 'testing-gce-5a7a212f-7cc9-4ebf-b9ce-ac9f8edff0f2', ip: '127.0.1.1', os.name: 'Linux', os.arch: 'amd64', os.version: '4.4.0-93-generic', java.version: '1.8.0_144'
Driver info: org.openqa.selenium.chrome.ChromeDriver
Capabilities [{mobileEmulationEnabled=false, hasTouchScreen=false, platform=LINUX, acceptSslCerts=true, webStorageEnabled=true, browserName=chrome, takesScreenshot=true, javascriptEnabled=true, platformName=LINUX, setWindowRect=true, unexpectedAlertBehaviour=, applicationCacheEnabled=false, rotatable=false, networkConnectionEnabled=false, chrome={chromedriverVersion=2.32.498513 (2c63aa53b2c658de596ed550eb5267ec5967b351), userDataDir=/tmp/.org.chromium.Chromium.ARNomu}, takesHeapSnapshot=true, pageLoadStrategy=normal, unhandledPromptBehavior=, databaseEnabled=false, handlesAlerts=true, version=61.0.3163.100, browserConnectionEnabled=false, nativeEvents=true, locationContextEnabled=true, cssSelectorsEnabled=true}]
Session ID: aa42d2e559cfba4aa4d8054ad1e61573
*** Element info: {Using=xpath, value=//*[contains(@class,'sticker')][contains(.,'DEAD')]}
	at sun.reflect.NativeConstructorAccessorImpl.newInstance0(Native Method)
	at sun.reflect.NativeConstructorAccessorImpl.newInstance(NativeConstructorAccessorImpl.java:62)
	at sun.reflect.DelegatingConstructorAccessorImpl.newInstance(DelegatingConstructorAccessorImpl.java:45)
	at java.lang.reflect.Constructor.newInstance(Constructor.java:423)
	at org.openqa.selenium.remote.ErrorHandler.createThrowable(ErrorHandler.java:214)
	at org.openqa.selenium.remote.ErrorHandler.throwIfResponseFailed(ErrorHandler.java:166)
	at org.openqa.selenium.remote.http.JsonHttpResponseCodec.reconstructValue(JsonHttpResponseCodec.java:40)
	at org.openqa.selenium.remote.http.AbstractHttpResponseCodec.decode(AbstractHttpResponseCodec.java:82)
	at org.openqa.selenium.remote.http.AbstractHttpResponseCodec.decode(AbstractHttpResponseCodec.java:45)
	at org.openqa.selenium.remote.HttpCommandExecutor.execute(HttpCommandExecutor.java:164)
	at org.openqa.selenium.remote.service.DriverCommandExecutor.execute(DriverCommandExecutor.java:83)
	at org.openqa.selenium.remote.RemoteWebDriver.execute(RemoteWebDriver.java:586)
	at org.openqa.selenium.remote.RemoteWebElement.execute(RemoteWebElement.java:279)
	at org.openqa.selenium.remote.RemoteWebElement.findElement(RemoteWebElement.java:179)
	at org.openqa.selenium.remote.RemoteWebElement.findElementByXPath(RemoteWebElement.java:255)
	at org.openqa.selenium.By$ByXPath.findElement(By.java:361)
	at org.openqa.selenium.remote.RemoteWebElement.findElement(RemoteWebElement.java:175)
	at org.jboss.arquillian.graphene.GrapheneElementImpl.findElement(GrapheneElementImpl.java:194)
	at org.jboss.arquillian.graphene.GrapheneElementImpl.findElement(GrapheneElementImpl.java:60)
	at org.jboss.arquillian.graphene.enricher.WebElementUtils.dropProxyAndFindElement(WebElementUtils.java:158)
	at org.jboss.arquillian.graphene.enricher.WebElementUtils.findElement(WebElementUtils.java:71)
	at org.jboss.arquillian.graphene.enricher.SearchContextInterceptor.intercept(SearchContextInterceptor.java:46)
	at org.jboss.arquillian.graphene.proxy.InvocationContextImpl.invoke(InvocationContextImpl.java:87)
	at org.jboss.arquillian.graphene.enricher.StaleElementInterceptor$1.apply(StaleElementInterceptor.java:47)
	at org.jboss.arquillian.graphene.enricher.StaleElementInterceptor$1.apply(StaleElementInterceptor.java:43)
	at org.openqa.selenium.support.ui.FluentWait.until(FluentWait.java:208)
	at org.jboss.arquillian.graphene.wait.WebDriverWaitImpl.until(WebDriverWaitImpl.java:96)
	at org.jboss.arquillian.graphene.enricher.StaleElementInterceptor.intercept(StaleElementInterceptor.java:43)
	at org.jboss.arquillian.graphene.proxy.InvocationContextImpl.invoke(InvocationContextImpl.java:87)
	at org.jboss.arquillian.graphene.intercept.InterceptorBuilder$2.intercept(InterceptorBuilder.java:139)
	at org.jboss.arquillian.graphene.proxy.InvocationContextImpl.invoke(InvocationContextImpl.java:87)
	at org.jboss.arquillian.graphene.proxy.GrapheneContextualHandler$2.call(GrapheneContextualHandler.java:241)
	at org.jboss.arquillian.graphene.context.BrowserActions.performAction(BrowserActions.java:62)
	at org.jboss.arquillian.graphene.proxy.GrapheneContextualHandler.invoke(GrapheneContextualHandler.java:237)
	at com.sun.proxy.$Proxy34.findElement(Unknown Source)
	at com.liferay.game.functional.test.CharacterSlayFeatureTest.verifyDeadCharacter(CharacterSlayFeatureTest.java:111)
	at ✽.Given Jon Snow is DEAD(features/character_slay.feature:15)

</pre>
</span>
</div>
<div id="tab3" class="tab">
<h2>Standard error</h2>
<span class="code">
<pre>Starting ChromeDriver 2.32.498513 (2c63aa53b2c658de596ed550eb5267ec5967b351) on port 10341
Only local connections are allowed.
Sep 28, 2017 8:33:50 PM org.openqa.selenium.remote.ProtocolHandshake createSession
INFO: Detected dialect: OSS
Sep 28, 2017 8:33:51 PM cucumber.runtime.arquillian.ArquillianCucumber runFeatures
INFO: Running features/character_slay.feature
</pre>
</span>
</div>
</div>
<div id="footer">
<p>
<div>
<label class="hidden" id="label-for-line-wrapping-toggle" for="line-wrapping-toggle">Wrap lines
<input id="line-wrapping-toggle" type="checkbox" autocomplete="off"/>
</label>
</div>Generated by 
<a href="http://www.gradle.org">Gradle 3.5</a> at Sep 28, 2017 8:34:11 PM</p>
</div>
</div>
</body>
</html>
